Arguments: 
  C:\Program Files\nodejs\node.exe C:\Users\Keyer\AppData\Roaming\npm\node_modules\yarn\bin\yarn.js add express mongoose dotenv helmet morgan nodemon

PATH: 
  C:\Program Files (x86)\VMware\VMware Workstation\bin\;E:\app\oracle\product\19c\db_home1\bin;C:\Users\Keyer\Documents\bin;C:\Users\Keyer\AppData\Local\Programs\Python\Python36;E:\OCRACLE\bin;C:\app\Keyer\product\11.2.0\dbhome_1\bin;C:\ProgramData\Oracle\Java\javapath;C:\WINDOWS\system32;C:\WINDOWS;C:\WINDOWS\System32\Wbem;C:\WINDOWS\System32\WindowsPowerShell\v1.0\;C:\Program Files\Microsoft\Web Platform Installer\;C:\Program Files (x86)\Microsoft ASP.NET\ASP.NET Web Pages\v1.0\;C:\WINDOWS\system32\config\systemprofile\.dnx\bin;C:\Program Files\Microsoft DNX\Dnvm\;C:\ProgramData\chocolatey\bin;C:\xampp\php;C:\Program Files\dotnet\;C:\Program Files\Microsoft SQL Server\Client SDK\ODBC\170\Tools\Binn\;C:\Program Files\PuTTY\;C:\composer;C:\Program Files (x86)\Windows Kits\8.1\Windows Performance Toolkit\;C:\Program Files (x86)\Microsoft SDKs\TypeScript\1.0\;C:\Program Files\Microsoft SQL Server\120\Tools\Binn\;C:\Program Files\Microsoft SQL Server\Client SDK\ODBC\110\Tools\Binn\;C:\Program Files (x86)\Microsoft SQL Server\120\Tools\Binn\ManagementStudio\;C:\Program Files (x86)\Microsoft SQL Server\120\Tools\Binn\;C:\Program Files (x86)\Microsoft SQL Server\120\DTS\Binn\;C:\Program Files\Microsoft SQL Server\120\DTS\Binn\;C:\Program Files\Microsoft SQL Server\110\Tools\Binn\;C:\Program Files (x86)\Microsoft SQL Server\110\Tools\Binn\;C:\Program Files\Microsoft SQL Server\110\DTS\Binn\;C:\Program Files (x86)\Microsoft SQL Server\110\Tools\Binn\ManagementStudio\;C:\Program Files (x86)\Microsoft SQL Server\110\DTS\Binn\;C:\Program Files (x86)\GtkSharp\2.12\bin;C:\Users\Keyer\AppData\Local\Programs\Python\Python36\Scripts;C:\;C:\Users\Keyer\eclipse-workspace\Server\apache-maven-3.6.0\bin;C:\Program Files\MongoDB\Server\3.6\bin;C:\WINDOWS\System32\OpenSSH\;C:\Program Files\Git\cmd;C:\Program Files\PostgreSQL\10\bin;C:\Program Files\PostgreSQL\10\pgAdmin 4\bin;C:\Users\Keyer\AppData\Roaming\nvm;C:\Program Files\nodejs;C:\Program Files\Docker\Docker\resources\bin;C:\ProgramData\DockerDesktop\version-bin;;C:\Users\Keyer\.dotnet\tools;C:\Users\Keyer\AppData\Local\Programs\Microsoft VS Code\bin;C:\Program Files\heroku\bin;C:\Users\Keyer\AppData\Roaming\Composer\vendor\bin;C:\Users\Keyer\.dotnet\tools;C:\Users\Keyer\AppData\Local\Microsoft\WindowsApps;C:\Users\Keyer\AppData\Roaming\npm;C:\Users\Keyer\AppData\Roaming\nvm;C:\Program Files\nodejs

Yarn version: 
  1.22.17

Node version: 
  16.14.0

Platform: 
  win32 x64

Trace: 
  Error: https://registry.yarnpkg.com/webpack/-/webpack-5.72.0.tgz: ESOCKETTIMEDOUT
      at ClientRequest.<anonymous> (C:\Users\Keyer\AppData\Roaming\npm\node_modules\yarn\lib\cli.js:141510:19)
      at Object.onceWrapper (node:events:639:28)
      at ClientRequest.emit (node:events:520:28)
      at TLSSocket.emitRequestTimeout (node:_http_client:758:9)
      at Object.onceWrapper (node:events:639:28)
      at TLSSocket.emit (node:events:532:35)
      at TLSSocket.Socket._onTimeout (node:net:501:8)
      at listOnTimeout (node:internal/timers:559:17)
      at processTimers (node:internal/timers:502:7)

npm manifest: 
  {
    "name": "react_webpack",
    "version": "1.0.0",
    "description": "",
    "main": "index.js",
    "scripts": {
      "test": "echo \"Error: no test specified\" && exit 1",
      "start": "webpack-dev-server --mode development --open --hot",
      "build": "webpack --mode production"
    },
    "author": "",
    "license": "ISC",
    "devDependencies": {
      "@babel/core": "^7.17.8",
      "@babel/preset-env": "^7.16.11",
      "@babel/preset-react": "^7.16.7",
      "babel-loader": "^8.2.4",
      "css-loader": "^6.7.1",
      "html-webpack-plugin": "^5.5.0",
      "style-loader": "^3.3.1",
      "webpack": "^5.71.0",
      "webpack-cli": "^4.9.2",
      "webpack-dev-server": "^4.8.1"
    },
    "dependencies": {
      "react": "^18.0.0",
      "react-dom": "^18.0.0"
    }
  }

yarn manifest: 
  No manifest

Lockfile: 
  No lockfile
